
+++++ -- NUEVA EJECUCION DEL ROBOT...............................................................................................2023-07-25 08:17:35.084241
Aviso -- Hay 4 fichas de Alistamiento............................................................................................2023-07-25 08:17:35.084241
Aviso -- Se envio correo de Alistamiento a Doris Amparo Portilla Pabón con 4 fichas: [ 2807999, 2808010, 2808000, 2808012, ].....2023-07-25 08:17:37.104295
Aviso -- Hay 4 fichas de Terminacion.............................................................................................2023-07-25 08:17:39.039745
Aviso -- Se envio correo de Terminacion a Sandy Paola Cuesta Parra con 4 fichas: [ 2792289, 2792291, 2792292, 2792303, ].........2023-07-25 08:17:40.042869
+++++ -- NUEVA EJECUCION DEL ROBOT...............................................................................................2023-07-25 08:41:55.997176
Aviso -- Hay 4 fichas de Alistamiento............................................................................................2023-07-25 08:41:55.997176
Aviso -- Se envio correo de Alistamiento a Doris Amparo Portilla Pabón con 4 fichas: [ 2807999, 2808010, 2808000, 2808012, ].....2023-07-25 08:41:59.018909
Aviso -- Hay 4 fichas de Terminacion.............................................................................................2023-07-25 08:42:01.292071
Aviso -- Se envio correo de Terminacion a Sandy Paola Cuesta Parra con 4 fichas: [ 2792289, 2792291, 2792292, 2792303, ].........2023-07-25 08:42:04.295129
<<<<<<< HEAD
+++++ -- NUEVA EJECUCION DEL ROBOT...............................................................................................2023-07-31 15:15:20.864231
Aviso -- Hay 9 fichas de Alistamiento............................................................................................2023-07-31 15:15:20.865890
Aviso -- Se envio correo de Alistamiento a Alba Lucia Beltran Poveda con 3 fichas: [ 2814048, 2814049, 2814050, ]................2023-07-31 15:15:22.882673
Aviso -- Se envio correo de Alistamiento a Deiby Natalia Ramirez Ramirez con 3 fichas: [ 2813620, 2813621, 2813623, ]............2023-07-31 15:15:27.689496
Aviso -- Se envio correo de Alistamiento a Lilian Andrea Calderón Mongui con 3 fichas: [ 2814051, 2814054, 2814055, ]............2023-07-31 15:15:31.056292
Aviso -- Hay 9 fichas de Terminacion.............................................................................................2023-07-31 15:15:32.428462
Aviso -- Se envio correo de Terminacion a Claudia Alicia Hernández Mesa con 2 fichas: [ 2795492, 2795503, ]......................2023-07-31 15:15:34.430273
Aviso -- Se envio correo de Terminacion a Eulises Mogollon Ortiz con 3 fichas: [ 2792343, 2792344, 2792345, ]....................2023-07-31 15:15:38.126142
Aviso -- Se envio correo de Terminacion a Jorge Luis Uribe Parra con 4 fichas: [ 2793763, 2793764, 2793767, 2793761, ]...........2023-07-31 15:15:41.664808
=======
+++++ -- NUEVA EJECUCION DEL ROBOT...............................................................................................2023-07-26 10:12:55.257198
Aviso -- No hay fichas para Alistamiento.........................................................................................2023-07-26 10:12:55.269375
Aviso -- Hay 2 fichas de Terminacion.............................................................................................2023-07-26 10:12:55.280586
Aviso -- Se envio correo de Terminacion a Lizeth Solanyi Torres con 2 fichas: [ 2792629, 2792630, ]..............................2023-07-26 10:12:57.329885
+++++ -- NUEVA EJECUCION DEL ROBOT...............................................................................................2023-07-26 11:35:23.579066
Aviso -- No hay fichas para Alistamiento.........................................................................................2023-07-26 11:35:23.606962
Aviso -- Hay 2 fichas de Terminacion.............................................................................................2023-07-26 11:35:23.623916
Aviso -- Se envio correo de Terminacion a Lizeth Solanyi Torres con 2 fichas: [ 2792629, 2792630, ]..............................2023-07-26 11:35:23.656693
+++++ -- NUEVA EJECUCION DEL ROBOT...............................................................................................2023-07-26 11:56:45.408858
Aviso -- No hay fichas para Alistamiento.........................................................................................2023-07-26 11:56:45.423314
Aviso -- Hay 2 fichas de Terminacion.............................................................................................2023-07-26 11:56:45.440431
Aviso -- Se envio correo de Terminacion a Lizeth Solanyi Torres con 2 fichas: [ 2792629, 2792630, ]..............................2023-07-26 11:56:48.476025
+++++ -- NUEVA EJECUCION DEL ROBOT...............................................................................................2023-07-26 12:35:34.766448
Aviso -- No hay fichas para Alistamiento.........................................................................................2023-07-26 12:35:34.783402
Aviso -- Hay 2 fichas de Terminacion.............................................................................................2023-07-26 12:35:34.799359
Aviso -- Se envio correo de Terminacion a Lizeth Solanyi Torres con 2 fichas: [ 2792629, 2792630, ]..............................2023-07-26 12:35:36.842589
+++++ -- NUEVA EJECUCION DEL ROBOT...............................................................................................2023-07-26 12:48:44.403811
Aviso -- No hay fichas para Alistamiento.........................................................................................2023-07-26 12:48:44.419768
Aviso -- Hay 2 fichas de Terminacion.............................................................................................2023-07-26 12:48:44.432738
Aviso -- Se envio correo de Terminacion a Lizeth Solanyi Torres con 2 fichas: [ 2792629, 2792630, ]..............................2023-07-26 12:48:45.464772
+++++ -- NUEVA EJECUCION DEL ROBOT...............................................................................................2023-07-26 13:11:55.189876
Aviso -- No hay fichas para Alistamiento.........................................................................................2023-07-26 13:11:55.203718
Aviso -- Hay 2 fichas de Terminacion.............................................................................................2023-07-26 13:11:55.215790
Aviso -- Se envio correo de Terminacion a Lizeth Solanyi Torres con 2 fichas: [ 2792629, 2792630, ]..............................2023-07-26 13:11:55.241563
+++++ -- NUEVA EJECUCION DEL ROBOT...............................................................................................2023-07-26 13:12:15.765467
Aviso -- No hay fichas para Alistamiento.........................................................................................2023-07-26 13:12:15.779407
Aviso -- Hay 2 fichas de Terminacion.............................................................................................2023-07-26 13:12:15.794409
Aviso -- Se envio correo de Terminacion a Lizeth Solanyi Torres con 2 fichas: [ 2792629, 2792630, ]..............................2023-07-26 13:12:16.833447
+++++ -- NUEVA EJECUCION DEL ROBOT...............................................................................................2023-07-26 13:13:06.899528
Aviso -- No hay fichas para Alistamiento.........................................................................................2023-07-26 13:13:06.915174
Aviso -- Hay 2 fichas de Terminacion.............................................................................................2023-07-26 13:13:06.928058
Aviso -- Se envio correo de Terminacion a Lizeth Solanyi Torres con 2 fichas: [ 2792629, 2792630, ]..............................2023-07-26 13:13:06.941062
+++++ -- NUEVA EJECUCION DEL ROBOT...............................................................................................2023-07-26 13:19:54.844252
Aviso -- No hay fichas para Alistamiento.........................................................................................2023-07-26 13:19:54.858208
Aviso -- Hay 2 fichas de Terminacion.............................................................................................2023-07-26 13:19:54.871182
Aviso -- Se envio correo de Terminacion a Lizeth Solanyi Torres con 2 fichas: [ 2792629, 2792630, ]..............................2023-07-26 13:19:55.901423
+++++ -- NUEVA EJECUCION DEL ROBOT...............................................................................................2023-07-26 13:20:39.552106
Aviso -- No hay fichas para Alistamiento.........................................................................................2023-07-26 13:20:39.566933
Aviso -- Hay 2 fichas de Terminacion.............................................................................................2023-07-26 13:20:39.586518
Aviso -- Se envio correo de Terminacion a Lizeth Solanyi Torres con 2 fichas: [ 2792629, 2792630, ]..............................2023-07-26 13:20:39.613047
+++++ -- NUEVA EJECUCION DEL ROBOT...............................................................................................2023-07-26 15:03:55.060707
Aviso -- No hay fichas para Alistamiento.........................................................................................2023-07-26 15:03:55.094588
Aviso -- Hay 2 fichas de Terminacion.............................................................................................2023-07-26 15:03:55.119520
Aviso -- Se envio correo de Terminacion a Lizeth Solanyi Torres con 2 fichas: [ 2792629, 2792630, ]..............................2023-07-26 15:03:55.174627
>>>>>>> 166d53933e613af7a018e269e77bb0789eef9518

+++++ -- NUEVA EJECUCION DEL ROBOT...............................................................................................2023-08-01 08:20:54.738771
Aviso -- No hay fichas para Alistamiento.........................................................................................2023-08-01 08:20:54.738771
Aviso -- No hay fichas para Terminacion..........................................................................................2023-08-01 08:20:54.738771
+++++ -- NUEVA EJECUCION DEL ROBOT...............................................................................................2023-08-01 08:21:56.361545
Aviso -- Hay 9 fichas de Alistamiento............................................................................................2023-08-01 08:21:56.361545
Aviso -- Se envio correo de Alistamiento a Claudia Alicia Hernández Mesa con 2 fichas: [ 2812657, 2812666, ].....................2023-08-01 08:21:58.384862
+++++ -- NUEVA EJECUCION DEL ROBOT...............................................................................................2023-08-01 08:22:12.910966
Aviso -- Hay 9 fichas de Alistamiento............................................................................................2023-08-01 08:22:12.910966
Aviso -- Se envio correo de Alistamiento a Claudia Alicia Hernández Mesa con 2 fichas: [ 2812657, 2812666, ].....................2023-08-01 08:22:13.916938
+++++ -- NUEVA EJECUCION DEL ROBOT...............................................................................................2023-08-01 08:25:52.939705
Aviso -- Hay 9 fichas de Alistamiento............................................................................................2023-08-01 08:25:52.941582
Aviso -- Se envio correo de Alistamiento a Claudia Alicia Hernández Mesa con 2 fichas: [ 2812657, 2812666, ].....................2023-08-01 08:25:52.957575
Aviso -- Se envio correo de Alistamiento a Eulises Mogollon Ortiz con 3 fichas: [ 2811580, 2811565, 2811567, ]...................2023-08-01 08:25:57.148616
Aviso -- Se envio correo de Alistamiento a Sandy Paola Cuesta Parra con 4 fichas: [ 2815113, 2815101, 2815123, 2815124, ]........2023-08-01 08:25:59.364799
Aviso -- No hay fichas para Terminacion..........................................................................................2023-08-01 08:26:00.644969
+++++ -- NUEVA EJECUCION DEL ROBOT...............................................................................................2023-08-11 08:12:46.144192
Aviso -- Hay 2 fichas de Alistamiento............................................................................................2023-08-11 08:12:46.146183
Aviso -- Se envio correo de Alistamiento a Jorge Luis Uribe Parra con 2 fichas: [ 2821932, 2821943, ]............................2023-08-11 08:12:48.171961
Aviso -- No hay fichas para Terminacion..........................................................................................2023-08-11 08:12:50.194563
+++++ -- NUEVA EJECUCION DEL ROBOT...............................................................................................2023-08-11 08:13:34.727653
Aviso -- Hay 2 fichas de Alistamiento............................................................................................2023-08-11 08:13:34.731716
Aviso -- Se envio correo de Alistamiento a Jorge Luis Uribe Parra con 2 fichas: [ 2821932, 2821943, ]............................2023-08-11 08:13:34.754782
Aviso -- No hay fichas para Terminacion..........................................................................................2023-08-11 08:13:36.368685
+++++ -- NUEVA EJECUCION DEL ROBOT...............................................................................................2023-08-14 09:51:47.373355
Aviso -- Hay 2 fichas de Alistamiento............................................................................................2023-08-14 09:51:47.374757
Aviso -- Se envio correo de Alistamiento a Jorge Luis Uribe Parra con 2 fichas: [ 2824476, 2824477, ]............................2023-08-14 09:51:48.401334
Aviso -- No hay fichas para Terminacion..........................................................................................2023-08-14 09:51:50.406278
+++++ -- NUEVA EJECUCION DEL ROBOT...............................................................................................2023-08-15 09:19:55.504397
Aviso -- No hay fichas para Alistamiento.........................................................................................2023-08-15 09:19:55.504397
Aviso -- No hay fichas para Terminacion..........................................................................................2023-08-15 09:19:55.504397
+++++ -- NUEVA EJECUCION DEL ROBOT...............................................................................................2023-08-15 09:26:50.009485
Aviso -- No hay fichas para Alistamiento.........................................................................................2023-08-15 09:26:50.015896
Aviso -- No hay fichas para Terminacion..........................................................................................2023-08-15 09:26:50.019898
+++++ -- NUEVA EJECUCION DEL ROBOT...............................................................................................2023-08-15 09:43:40.832500
Aviso -- No hay fichas para Alistamiento.........................................................................................2023-08-15 09:43:40.837500
Aviso -- No hay fichas para Terminacion..........................................................................................2023-08-15 09:43:40.840487
+++++ -- NUEVA EJECUCION DEL ROBOT...............................................................................................2023-08-22 15:55:04.108302
Aviso -- Hay 9 fichas de Alistamiento............................................................................................2023-08-22 15:55:04.110512
Aviso -- Se envio correo de Alistamiento a Cesar Augusto Hernandez Rodriguez con 4 fichas: [ 2822909, 2822910, 2822911, 2822912, ]2023-08-22 15:55:05.134079
Aviso -- Se envio correo de Alistamiento a Claudia Alicia Hernández Mesa con 2 fichas: [ 2827866, 2827867, ].....................2023-08-22 15:55:09.014938
Aviso -- Se envio correo de Alistamiento a Luis Fernando Garcia Bendek con 3 fichas: [ 2829789, 2829790, 2829792, ]..............2023-08-22 15:55:12.471418
Aviso -- Hay 9 fichas de Terminacion.............................................................................................2023-08-22 15:55:14.153140
Aviso -- Se envio correo de Terminacion a Claudia Alicia Hernández Mesa con 2 fichas: [ 2808112, 2808113, ]......................2023-08-22 15:55:15.154552
Aviso -- Se envio correo de Terminacion a Doris Amparo Portilla Pabón con 4 fichas: [ 2807999, 2808010, 2808000, 2808012, ]......2023-08-22 15:55:21.551410
Aviso -- Se envio correo de Terminacion a Alba Lucia Beltran Poveda con 1 fichas: [ 2809121, ]...................................2023-08-22 15:55:23.905213
Aviso -- Se envio correo de Terminacion a Deiby Natalia Ramirez Ramirez con 1 fichas: [ 2808158, ]...............................2023-08-22 15:55:27.125110
Aviso -- Se envio correo de Terminacion a Lilian Andrea Calderón Mongui con 1 fichas: [ 2809122, ]...............................2023-08-22 15:55:31.764067
+++++ -- NUEVA EJECUCION DEL ROBOT...............................................................................................2023-09-07 08:29:49.807084
Aviso -- Hay 13 fichas de Alistamiento...........................................................................................2023-09-07 08:29:49.809352
Aviso -- Se envio correo de Alistamiento a Alba Lucia Beltran Poveda con 3 fichas: [ 2841366, 2841367, 2841368, ]................2023-09-07 08:29:49.825850
Aviso -- Se envio correo de Alistamiento a Deiby Natalia Ramirez Ramirez con 3 fichas: [ 2841369, 2841370, 2841371, ]............2023-09-07 08:29:52.151760
Aviso -- Se envio correo de Alistamiento a Lilian Andrea Calderón Mongui con 3 fichas: [ 2841361, 2841373, 2841374, ]............2023-09-07 08:29:54.423054
Aviso -- Se envio correo de Alistamiento a Sandy Paola Cuesta Parra con 4 fichas: [ 2840945, 2840946, 2840935, 2840936, ]........2023-09-07 08:29:57.596754
Aviso -- No hay fichas para Terminacion..........................................................................................2023-09-07 08:29:59.461871
+++++ -- NUEVA EJECUCION DEL ROBOT...............................................................................................2023-10-10 08:18:51.132318
Aviso -- Hay 3 fichas de Alistamiento............................................................................................2023-10-10 08:18:51.132318
Aviso -- Se envio correo de Alistamiento a Eulises Mogollon Ortiz con 3 fichas: [ 2861793, 2861788, 2861789, ]...................2023-10-10 08:18:54.157694
Aviso -- Hay 13 fichas de Terminacion............................................................................................2023-10-10 08:18:56.095028
Aviso -- Se envio correo de Terminacion a Alba Lucia Beltran Poveda con 3 fichas: [ 2841366, 2841367, 2841368, ].................2023-10-10 08:18:56.110658
Aviso -- Se envio correo de Terminacion a Deiby Natalia Ramirez Ramirez con 3 fichas: [ 2841369, 2841370, 2841371, ].............2023-10-10 08:18:59.315497
Aviso -- Se envio correo de Terminacion a Lilian Andrea Calderón Mongui con 3 fichas: [ 2841361, 2841373, 2841374, ].............2023-10-10 08:19:03.076050
Aviso -- Se envio correo de Terminacion a Sandy Paola Cuesta Parra con 4 fichas: [ 2840945, 2840946, 2840935, 2840936, ].........2023-10-10 08:19:08.965955
+++++ -- NUEVA EJECUCION DEL ROBOT...............................................................................................2023-10-23 10:12:13.379525
Aviso -- Hay 1 fichas de Alistamiento............................................................................................2023-10-23 10:12:13.382526
Aviso -- Se envio correo de Alistamiento a Cesar Augusto Hernandez Rodriguez con 1 fichas: [ 2869794, ]..........................2023-10-23 10:12:16.400691
Aviso -- Hay 4 fichas de Terminacion.............................................................................................2023-10-23 10:12:18.565677
Aviso -- Se envio correo de Terminacion a Doris Amparo Portilla Pabón con 4 fichas: [ 2848578, 2848579, 2848580, 2848582, ]......2023-10-23 10:12:19.568315
+++++ -- NUEVA EJECUCION DEL ROBOT...............................................................................................2023-10-27 08:05:56.990095
Aviso -- Hay 1 fichas de Alistamiento............................................................................................2023-10-27 08:05:56.990095
Aviso -- Se envio correo de Alistamiento a Carlos Alberto Hernandez Arcila con 1 fichas: [ 2872181, ]............................2023-10-27 08:05:57.994868
Aviso -- Hay 1 fichas de Terminacion.............................................................................................2023-10-27 08:05:59.889790
Aviso -- Se envio correo de Terminacion a Claudia Alicia Hernández Mesa con 1 fichas: [ 2856996, ]...............................2023-10-27 08:06:02.914654
+++++ -- NUEVA EJECUCION DEL ROBOT...............................................................................................2023-10-27 08:08:35.452453
Aviso -- Hay 1 fichas de Alistamiento............................................................................................2023-10-27 08:08:35.454454
Aviso -- Se envio correo de Alistamiento a Carlos Alberto Hernandez Arcila con 1 fichas: [ 2872181, ]............................2023-10-27 08:08:37.503477
Aviso -- Hay 1 fichas de Terminacion.............................................................................................2023-10-27 08:08:39.373616
Aviso -- Se envio correo de Terminacion a Claudia Alicia Hernández Mesa con 1 fichas: [ 2856996, ]...............................2023-10-27 08:08:39.374615
+++++ -- NUEVA EJECUCION DEL ROBOT...............................................................................................2023-10-31 15:24:35.316429
Aviso -- Hay 2 fichas de Alistamiento............................................................................................2023-10-31 15:24:35.319431
Aviso -- Se envio correo de Alistamiento a Jorge Luis Uribe Parra con 2 fichas: [ 2875311, 2875323, ]............................2023-10-31 15:24:37.328526
Aviso -- Hay 4 fichas de Terminacion.............................................................................................2023-10-31 15:24:39.458170
Aviso -- Se envio correo de Terminacion a Luis Fernando Garcia Bendek con 3 fichas: [ 2853732, 2853743, 2853744, ]...............2023-10-31 15:24:40.461549
Aviso -- Se envio correo de Terminacion a Alba Lucia Beltran Poveda con 1 fichas: [ 2851751, ]...................................2023-10-31 15:24:46.048655
+++++ -- NUEVA EJECUCION DEL ROBOT...............................................................................................2023-10-31 15:26:28.534940
Aviso -- Hay 1 fichas de Alistamiento............................................................................................2023-10-31 15:26:28.535942
Aviso -- Se envio correo de Alistamiento a Alba Lucia Beltran Poveda con 1 fichas: [ 2876405, ]..................................2023-10-31 15:26:28.551401
Aviso -- Hay 2 fichas de Terminacion.............................................................................................2023-10-31 15:26:30.301452
Aviso -- Se envio correo de Terminacion a Lizeth Solanyi Torres con 2 fichas: [ 2854580, 2854581, ]..............................2023-10-31 15:26:32.304648
+++++ -- NUEVA EJECUCION DEL ROBOT...............................................................................................2023-11-20 09:45:48.390794
Aviso -- No hay fichas para Alistamiento.........................................................................................2023-11-20 09:45:48.393796
Aviso -- Hay 5 fichas de Terminacion.............................................................................................2023-11-20 09:45:48.394794
Aviso -- Se envio correo de Terminacion a Deiby Natalia Ramirez Ramirez con 2 fichas: [ 2868035, 2868045, ]......................2023-11-20 09:45:48.429038
Aviso -- Se envio correo de Terminacion a Lilian Andrea Calderón Mongui con 3 fichas: [ 2868049, 2868050, 2868051, ].............2023-11-20 09:46:03.052088
+++++ -- NUEVA EJECUCION DEL ROBOT...............................................................................................2023-11-21 09:10:58.984434
Aviso -- No hay fichas para Alistamiento.........................................................................................2023-11-21 09:10:58.984434
Aviso -- Hay 1 fichas de Terminacion.............................................................................................2023-11-21 09:10:58.984434
Aviso -- Se envio correo de Terminacion a Carlos Alberto Hernandez Arcila con 1 fichas: [ 2869267, ].............................2023-11-21 09:10:59.997142
Aviso -- Hola.. estamos en 2024..................................................................................................2024-01-11 16:21:58.374313
Saludo -- Hola.. estamos en 2024..................................................................................................2024-01-11 16:23:21.956278